2023/04/30 00:00:10 wazuh-monitord: INFO: Starting new log after rotation.
2023/04/30 00:28:09 wazuh-modulesd:syscollector: INFO: Starting evaluation.
2023/04/30 00:28:10 wazuh-modulesd:syscollector: INFO: Evaluation finished.
2023/04/30 01:28:10 wazuh-modulesd:syscollector: INFO: Starting evaluation.
2023/04/30 01:28:11 wazuh-modulesd:syscollector: INFO: Evaluation finished.
2023/04/30 02:28:12 wazuh-modulesd:syscollector: INFO: Starting evaluation.
2023/04/30 02:28:12 wazuh-modulesd:syscollector: INFO: Evaluation finished.
2023/04/30 03:28:13 wazuh-modulesd:syscollector: INFO: Starting evaluation.
2023/04/30 03:28:13 wazuh-modulesd:syscollector: INFO: Evaluation finished.
2023/04/30 04:28:14 wazuh-modulesd:syscollector: INFO: Starting evaluation.
2023/04/30 04:28:14 wazuh-modulesd:syscollector: INFO: Evaluation finished.
2023/04/30 05:25:04 wazuh-analysisd: ERROR: The new permissions could not be added to the JSON alert.
2023/04/30 05:28:15 wazuh-modulesd:syscollector: INFO: Starting evaluation.
2023/04/30 05:28:15 wazuh-modulesd:syscollector: INFO: Evaluation finished.
2023/04/30 06:28:16 wazuh-modulesd:syscollector: INFO: Starting evaluation.
2023/04/30 06:28:16 wazuh-modulesd:syscollector: INFO: Evaluation finished.
2023/04/30 07:27:13 sca: INFO: Starting Security Configuration Assessment scan.
2023/04/30 07:27:13 sca: INFO: Starting evaluation of policy: '/var/ossec/ruleset/sca/cis_ubuntu22-04.yml'
2023/04/30 07:27:49 wazuh-syscheckd: INFO: (6008): File integrity monitoring scan started.
2023/04/30 07:27:56 sca: INFO: Evaluation finished for policy '/var/ossec/ruleset/sca/cis_ubuntu22-04.yml'
2023/04/30 07:27:56 sca: INFO: Security Configuration Assessment scan finished. Duration: 43 seconds.
2023/04/30 07:27:56 wazuh-syscheckd: INFO: (6009): File integrity monitoring scan ended.
2023/04/30 07:28:17 wazuh-modulesd:syscollector: INFO: Starting evaluation.
2023/04/30 07:28:17 wazuh-modulesd:syscollector: INFO: Evaluation finished.
2023/04/30 07:29:56 rootcheck: INFO: Starting rootcheck scan.
2023/04/30 07:30:26 rootcheck: INFO: Ending rootcheck scan.
2023/04/30 08:28:18 wazuh-modulesd:syscollector: INFO: Starting evaluation.
2023/04/30 08:28:18 wazuh-modulesd:syscollector: INFO: Evaluation finished.
2023/04/30 09:28:19 wazuh-modulesd:syscollector: INFO: Starting evaluation.
2023/04/30 09:28:19 wazuh-modulesd:syscollector: INFO: Evaluation finished.
2023/04/30 10:28:20 wazuh-modulesd:syscollector: INFO: Starting evaluation.
2023/04/30 10:28:20 wazuh-modulesd:syscollector: INFO: Evaluation finished.
2023/04/30 11:28:21 wazuh-modulesd:syscollector: INFO: Starting evaluation.
2023/04/30 11:28:21 wazuh-modulesd:syscollector: INFO: Evaluation finished.
2023/04/30 12:28:22 wazuh-modulesd:syscollector: INFO: Starting evaluation.
2023/04/30 12:28:22 wazuh-modulesd:syscollector: INFO: Evaluation finished.
2023/04/30 13:28:23 wazuh-modulesd:syscollector: INFO: Starting evaluation.
2023/04/30 13:28:23 wazuh-modulesd:syscollector: INFO: Evaluation finished.
2023/04/30 14:28:24 wazuh-modulesd:syscollector: INFO: Starting evaluation.
2023/04/30 14:28:24 wazuh-modulesd:syscollector: INFO: Evaluation finished.
2023/04/30 15:28:25 wazuh-modulesd:syscollector: INFO: Starting evaluation.
2023/04/30 15:28:26 wazuh-modulesd:syscollector: INFO: Evaluation finished.
2023/04/30 16:11:26 wazuh-modulesd:syscollector: INFO: Stop received for Syscollector.
2023/04/30 16:11:26 wazuh-modulesd:syscollector: INFO: Module finished.
2023/04/30 16:11:26 wazuh-monitord: INFO: (1225): SIGNAL [(15)-(Terminated)] Received. Exit Cleaning...
2023/04/30 16:11:26 wazuh-logcollector: INFO: (1225): SIGNAL [(15)-(Terminated)] Received. Exit Cleaning...
2023/04/30 16:11:26 wazuh-remoted: INFO: (1225): SIGNAL [(15)-(Terminated)] Received. Exit Cleaning...
2023/04/30 16:11:26 wazuh-syscheckd: INFO: (1225): SIGNAL [(15)-(Terminated)] Received. Exit Cleaning...
2023/04/30 16:11:26 wazuh-analysisd: INFO: (1225): SIGNAL [(15)-(Terminated)] Received. Exit Cleaning...
2023/04/30 16:11:26 wazuh-execd: INFO: (1314): Shutdown received. Deleting responses.
2023/04/30 16:11:26 wazuh-execd: INFO: (1225): SIGNAL [(15)-(Terminated)] Received. Exit Cleaning...
2023/04/30 16:11:27 wazuh-db: INFO: (1225): SIGNAL [(15)-(Terminated)] Received. Exit Cleaning...
2023/04/30 16:11:27 wazuh-authd: INFO: (1225): SIGNAL [(15)-(Terminated)] Received. Exit Cleaning...
2023/04/30 16:11:28 wazuh-authd: INFO: Exiting...
2023/04/30 16:11:32 wazuh-analysisd: WARNING: (7612): Rule ID '100303' is duplicated. Only the first occurrence will be considered.
2023/04/30 16:11:32 wazuh-analysisd: WARNING: (7612): Rule ID '100304' is duplicated. Only the first occurrence will be considered.
2023/04/30 16:11:32 wazuh-analysisd: WARNING: (7612): Rule ID '531' is duplicated. Only the first occurrence will be considered.
2023/04/30 16:11:32 wazuh-analysisd: WARNING: (7612): Rule ID '533' is duplicated. Only the first occurrence will be considered.
2023/04/30 16:11:33 wazuh-testrule: WARNING: (7612): Rule ID '100303' is duplicated. Only the first occurrence will be considered.
2023/04/30 16:11:33 wazuh-testrule: WARNING: (7612): Rule ID '100304' is duplicated. Only the first occurrence will be considered.
2023/04/30 16:11:33 wazuh-testrule: WARNING: (7612): Rule ID '531' is duplicated. Only the first occurrence will be considered.
2023/04/30 16:11:33 wazuh-testrule: WARNING: (7612): Rule ID '533' is duplicated. Only the first occurrence will be considered.
2023/04/30 16:11:36 wazuh-csyslogd: INFO: Remote syslog server not configured. Clean exit.
2023/04/30 16:11:36 wazuh-dbd: INFO: Database not configured. Clean exit.
2023/04/30 16:11:36 wazuh-integratord: INFO: Remote integrations not configured. Clean exit.
2023/04/30 16:11:36 wazuh-agentlessd: INFO: Not configured. Exiting.
2023/04/30 16:11:36 wazuh-authd: INFO: Started (pid: 552887).
2023/04/30 16:11:36 wazuh-authd: INFO: Accepting connections on port 1515. No password required.
2023/04/30 16:11:36 wazuh-authd: INFO: Setting network timeout to 1.000000 sec.
2023/04/30 16:11:37 wazuh-db: INFO: Started (pid: 552903).
2023/04/30 16:11:38 wazuh-execd: INFO: Started (pid: 552926).
2023/04/30 16:11:40 wazuh-analysisd: WARNING: (7612): Rule ID '100303' is duplicated. Only the first occurrence will be considered.
2023/04/30 16:11:40 wazuh-analysisd: WARNING: (7612): Rule ID '100304' is duplicated. Only the first occurrence will be considered.
2023/04/30 16:11:40 wazuh-analysisd: WARNING: (7612): Rule ID '531' is duplicated. Only the first occurrence will be considered.
2023/04/30 16:11:40 wazuh-analysisd: WARNING: (7612): Rule ID '533' is duplicated. Only the first occurrence will be considered.
2023/04/30 16:11:40 wazuh-analysisd: INFO: Total rules enabled: '6343'
2023/04/30 16:11:40 wazuh-analysisd: INFO: White listing IP: '127.0.0.1'
2023/04/30 16:11:40 wazuh-analysisd: INFO: White listing IP: '127.0.0.53'
2023/04/30 16:11:40 wazuh-analysisd: INFO: 2 IPs in the white list for active response.
2023/04/30 16:11:40 wazuh-analysisd: INFO: White listing Hostname: 'localhost.localdomain'
2023/04/30 16:11:40 wazuh-analysisd: INFO: 1 Hostname(s) in the white list for active response.
2023/04/30 16:11:40 wazuh-analysisd: INFO: Started (pid: 552946).
2023/04/30 16:11:40 wazuh-syscheckd: INFO: Started (pid: 552959).
2023/04/30 16:11:40 wazuh-syscheckd: INFO: (6003): Monitoring path: '/bin', with options 'size | permissions | owner | group | mtime | inode | hash_md5 | hash_sha1 | hash_sha256 | scheduled'.
2023/04/30 16:11:40 wazuh-syscheckd: INFO: (6003): Monitoring path: '/boot', with options 'size | permissions | owner | group | mtime | inode | hash_md5 | hash_sha1 | hash_sha256 | scheduled'.
2023/04/30 16:11:40 wazuh-syscheckd: INFO: (6003): Monitoring path: '/etc', with options 'size | permissions | owner | group | mtime | inode | hash_md5 | hash_sha1 | hash_sha256 | scheduled'.
2023/04/30 16:11:40 wazuh-syscheckd: INFO: (6003): Monitoring path: '/sbin', with options 'size | permissions | owner | group | mtime | inode | hash_md5 | hash_sha1 | hash_sha256 | scheduled'.
2023/04/30 16:11:40 wazuh-syscheckd: INFO: (6003): Monitoring path: '/tmp/yara/malware', with options 'size | permissions | owner | group | mtime | inode | hash_md5 | hash_sha1 | hash_sha256 | realtime'.
2023/04/30 16:11:40 wazuh-syscheckd: INFO: (6003): Monitoring path: '/usr/bin', with options 'size | permissions | owner | group | mtime | inode | hash_md5 | hash_sha1 | hash_sha256 | scheduled'.
2023/04/30 16:11:40 wazuh-syscheckd: INFO: (6003): Monitoring path: '/usr/sbin', with options 'size | permissions | owner | group | mtime | inode | hash_md5 | hash_sha1 | hash_sha256 | scheduled'.
2023/04/30 16:11:40 wazuh-syscheckd: INFO: (6206): Ignore 'file' entry '/etc/mtab'
2023/04/30 16:11:40 wazuh-syscheckd: INFO: (6206): Ignore 'file' entry '/etc/hosts.deny'
2023/04/30 16:11:40 wazuh-syscheckd: INFO: (6206): Ignore 'file' entry '/etc/mail/statistics'
2023/04/30 16:11:40 wazuh-syscheckd: INFO: (6206): Ignore 'file' entry '/etc/random-seed'
2023/04/30 16:11:40 wazuh-syscheckd: INFO: (6206): Ignore 'file' entry '/etc/random.seed'
2023/04/30 16:11:40 wazuh-syscheckd: INFO: (6206): Ignore 'file' entry '/etc/adjtime'
2023/04/30 16:11:40 wazuh-syscheckd: INFO: (6206): Ignore 'file' entry '/etc/httpd/logs'
2023/04/30 16:11:40 wazuh-syscheckd: INFO: (6206): Ignore 'file' entry '/etc/utmpx'
2023/04/30 16:11:40 wazuh-syscheckd: INFO: (6206): Ignore 'file' entry '/etc/wtmpx'
2023/04/30 16:11:40 wazuh-syscheckd: INFO: (6206): Ignore 'file' entry '/etc/cups/certs'
2023/04/30 16:11:40 wazuh-syscheckd: INFO: (6206): Ignore 'file' entry '/etc/dumpdates'
2023/04/30 16:11:40 wazuh-syscheckd: INFO: (6206): Ignore 'file' entry '/etc/svc/volatile'
2023/04/30 16:11:40 wazuh-syscheckd: INFO: (6207): Ignore 'file' sregex '.log$|.swp$'
2023/04/30 16:11:40 wazuh-syscheckd: INFO: (6004): No diff for file: '/etc/ssl/private.key'
2023/04/30 16:11:40 wazuh-syscheckd: INFO: (6016): Directory set for real time monitoring: '/tmp/yara/malware'.
2023/04/30 16:11:40 wazuh-syscheckd: INFO: (6000): Starting daemon...
2023/04/30 16:11:40 wazuh-syscheckd: INFO: (6010): File integrity monitoring scan frequency: 43200 seconds
2023/04/30 16:11:40 wazuh-syscheckd: INFO: (6008): File integrity monitoring scan started.
2023/04/30 16:11:40 rootcheck: INFO: Starting rootcheck scan.
2023/04/30 16:11:41 wazuh-analysisd: INFO: (7200): Logtest started
2023/04/30 16:11:42 wazuh-remoted: INFO: Started (pid: 552978). Listening on port 1514/TCP (secure).
2023/04/30 16:11:42 wazuh-remoted: INFO: (1410): Reading authentication keys file.
2023/04/30 16:11:43 wazuh-logcollector: INFO: Monitoring output of command(360): df -P
2023/04/30 16:11:43 wazuh-logcollector: INFO: Monitoring full output of command(360): netstat -tulpn | sed 's/\([[:alnum:]]\+\)\ \+[[:digit:]]\+\ \+[[:digit:]]\+\ \+\(.*\):\([[:digit:]]*\)\ \+\([0-9\.\:\*]\+\).\+\ \([[:digit:]]*\/[[:alnum:]\-]*\).*/\1 \2 == \3 == \4 \5/' | sort -k 4 -g | sed 's/ == \(.*\) ==/:\1/' | sed 1,2d
2023/04/30 16:11:43 wazuh-logcollector: INFO: Monitoring full output of command(360): last -n 20
2023/04/30 16:11:43 wazuh-logcollector: INFO: (1950): Analyzing file: '/var/ossec/logs/active-responses.log'.
2023/04/30 16:11:43 wazuh-logcollector: INFO: (1950): Analyzing file: '/var/log/auth.log'.
2023/04/30 16:11:43 wazuh-logcollector: INFO: (1950): Analyzing file: '/var/log/syslog'.
2023/04/30 16:11:43 wazuh-logcollector: INFO: (1950): Analyzing file: '/var/log/dpkg.log'.
2023/04/30 16:11:43 wazuh-logcollector: INFO: (1950): Analyzing file: '/var/log/kern.log'.
2023/04/30 16:11:43 wazuh-logcollector: INFO: Started (pid: 553009).
2023/04/30 16:11:44 wazuh-analysisd: INFO: Connected to 'queue/alerts/ar' (active-response queue)
2023/04/30 16:11:44 wazuh-analysisd: INFO: Connected to 'queue/alerts/execq' (exec queue)
2023/04/30 16:11:44 wazuh-monitord: INFO: Started (pid: 553029).
2023/04/30 16:11:45 wazuh-modulesd: INFO: Started (pid: 553066).
2023/04/30 16:11:45 wazuh-modulesd:control: INFO: Starting control thread.
2023/04/30 16:11:45 wazuh-modulesd:download: INFO: Module started.
2023/04/30 16:11:45 wazuh-modulesd:database: INFO: Module started.
2023/04/30 16:11:45 sca: INFO: Module started.
2023/04/30 16:11:45 sca: INFO: Loaded policy '/var/ossec/ruleset/sca/cis_ubuntu22-04.yml'
2023/04/30 16:11:45 wazuh-modulesd:osquery: INFO: Module disabled. Exiting...
2023/04/30 16:11:45 wazuh-modulesd:ciscat: INFO: Module disabled. Exiting...
2023/04/30 16:11:45 wazuh-modulesd:agent-upgrade: INFO: (8153): Module Agent Upgrade started.
2023/04/30 16:11:45 sca: INFO: Starting Security Configuration Assessment scan.
2023/04/30 16:11:45 wazuh-modulesd:task-manager: INFO: (8200): Module Task Manager started.
2023/04/30 16:11:45 wazuh-modulesd:syscollector: INFO: Module started.
2023/04/30 16:11:45 wazuh-modulesd:syscollector: INFO: Starting evaluation.
2023/04/30 16:11:45 sca: INFO: Starting evaluation of policy: '/var/ossec/ruleset/sca/cis_ubuntu22-04.yml'
2023/04/30 16:11:45 wazuh-modulesd:syscollector: INFO: Evaluation finished.
2023/04/30 16:11:50 wazuh-syscheckd: INFO: (6009): File integrity monitoring scan ended.
2023/04/30 16:11:50 wazuh-syscheckd: INFO: (6012): Real-time file integrity monitoring started.
2023/04/30 16:12:16 rootcheck: INFO: Ending rootcheck scan.
2023/04/30 16:12:25 sca: INFO: Evaluation finished for policy '/var/ossec/ruleset/sca/cis_ubuntu22-04.yml'
2023/04/30 16:12:25 sca: INFO: Security Configuration Assessment scan finished. Duration: 40 seconds.
2023/04/30 16:28:56 wazuh-authd: INFO: New connection from 172.16.150.100
2023/04/30 16:28:57 wazuh-authd: INFO: Client timeout from 172.16.150.100
2023/04/30 17:11:46 wazuh-modulesd:syscollector: INFO: Starting evaluation.
2023/04/30 17:11:46 wazuh-modulesd:syscollector: INFO: Evaluation finished.
2023/04/30 17:14:53 wazuh-modulesd:syscollector: INFO: Stop received for Syscollector.
2023/04/30 17:14:53 wazuh-modulesd:syscollector: INFO: Module finished.
2023/04/30 17:14:53 wazuh-monitord: INFO: (1225): SIGNAL [(15)-(Terminated)] Received. Exit Cleaning...
2023/04/30 17:14:54 wazuh-logcollector: INFO: (1225): SIGNAL [(15)-(Terminated)] Received. Exit Cleaning...
2023/04/30 17:14:54 wazuh-remoted: INFO: (1225): SIGNAL [(15)-(Terminated)] Received. Exit Cleaning...
2023/04/30 17:14:54 wazuh-syscheckd: INFO: (1225): SIGNAL [(15)-(Terminated)] Received. Exit Cleaning...
2023/04/30 17:14:54 wazuh-analysisd: INFO: (1225): SIGNAL [(15)-(Terminated)] Received. Exit Cleaning...
2023/04/30 17:14:54 wazuh-execd: INFO: (1314): Shutdown received. Deleting responses.
2023/04/30 17:14:54 wazuh-execd: INFO: (1225): SIGNAL [(15)-(Terminated)] Received. Exit Cleaning...
2023/04/30 17:14:54 wazuh-db: INFO: (1225): SIGNAL [(15)-(Terminated)] Received. Exit Cleaning...
2023/04/30 17:14:55 wazuh-authd: INFO: (1225): SIGNAL [(15)-(Terminated)] Received. Exit Cleaning...
2023/04/30 17:14:55 wazuh-authd: INFO: Exiting...
2023/04/30 17:14:58 wazuh-analysisd: WARNING: (7612): Rule ID '100303' is duplicated. Only the first occurrence will be considered.
2023/04/30 17:14:58 wazuh-analysisd: WARNING: (7612): Rule ID '100304' is duplicated. Only the first occurrence will be considered.
2023/04/30 17:14:58 wazuh-analysisd: WARNING: (7612): Rule ID '531' is duplicated. Only the first occurrence will be considered.
2023/04/30 17:14:58 wazuh-analysisd: WARNING: (7612): Rule ID '533' is duplicated. Only the first occurrence will be considered.
2023/04/30 17:15:00 wazuh-testrule: WARNING: (7612): Rule ID '100303' is duplicated. Only the first occurrence will be considered.
2023/04/30 17:15:00 wazuh-testrule: WARNING: (7612): Rule ID '100304' is duplicated. Only the first occurrence will be considered.
2023/04/30 17:15:00 wazuh-testrule: WARNING: (7612): Rule ID '531' is duplicated. Only the first occurrence will be considered.
2023/04/30 17:15:00 wazuh-testrule: WARNING: (7612): Rule ID '533' is duplicated. Only the first occurrence will be considered.
2023/04/30 17:15:03 wazuh-csyslogd: INFO: Remote syslog server not configured. Clean exit.
2023/04/30 17:15:03 wazuh-dbd: INFO: Database not configured. Clean exit.
2023/04/30 17:15:03 wazuh-integratord: INFO: Remote integrations not configured. Clean exit.
2023/04/30 17:15:03 wazuh-agentlessd: INFO: Not configured. Exiting.
2023/04/30 17:15:03 wazuh-authd: INFO: Started (pid: 554527).
2023/04/30 17:15:03 wazuh-authd: INFO: Accepting connections on port 1515. No password required.
2023/04/30 17:15:03 wazuh-authd: INFO: Setting network timeout to 1.000000 sec.
2023/04/30 17:15:04 wazuh-db: INFO: Started (pid: 554542).
2023/04/30 17:15:05 wazuh-execd: INFO: Started (pid: 554566).
2023/04/30 17:15:07 wazuh-analysisd: WARNING: (7612): Rule ID '100303' is duplicated. Only the first occurrence will be considered.
2023/04/30 17:15:07 wazuh-analysisd: WARNING: (7612): Rule ID '100304' is duplicated. Only the first occurrence will be considered.
2023/04/30 17:15:07 wazuh-analysisd: WARNING: (7612): Rule ID '531' is duplicated. Only the first occurrence will be considered.
2023/04/30 17:15:07 wazuh-analysisd: WARNING: (7612): Rule ID '533' is duplicated. Only the first occurrence will be considered.
2023/04/30 17:15:07 wazuh-analysisd: INFO: Total rules enabled: '6343'
2023/04/30 17:15:07 wazuh-analysisd: INFO: White listing IP: '127.0.0.1'
2023/04/30 17:15:07 wazuh-analysisd: INFO: White listing IP: '127.0.0.53'
2023/04/30 17:15:07 wazuh-analysisd: INFO: 2 IPs in the white list for active response.
2023/04/30 17:15:07 wazuh-analysisd: INFO: White listing Hostname: 'localhost.localdomain'
2023/04/30 17:15:07 wazuh-analysisd: INFO: 1 Hostname(s) in the white list for active response.
2023/04/30 17:15:07 wazuh-analysisd: INFO: Started (pid: 554586).
2023/04/30 17:15:07 wazuh-syscheckd: INFO: Started (pid: 554599).
2023/04/30 17:15:07 wazuh-syscheckd: INFO: (6003): Monitoring path: '/bin', with options 'size | permissions | owner | group | mtime | inode | hash_md5 | hash_sha1 | hash_sha256 | scheduled'.
2023/04/30 17:15:07 wazuh-syscheckd: INFO: (6003): Monitoring path: '/boot', with options 'size | permissions | owner | group | mtime | inode | hash_md5 | hash_sha1 | hash_sha256 | scheduled'.
2023/04/30 17:15:07 wazuh-syscheckd: INFO: (6003): Monitoring path: '/etc', with options 'size | permissions | owner | group | mtime | inode | hash_md5 | hash_sha1 | hash_sha256 | scheduled'.
2023/04/30 17:15:07 wazuh-syscheckd: INFO: (6003): Monitoring path: '/sbin', with options 'size | permissions | owner | group | mtime | inode | hash_md5 | hash_sha1 | hash_sha256 | scheduled'.
2023/04/30 17:15:07 wazuh-syscheckd: INFO: (6003): Monitoring path: '/tmp/yara/malware', with options 'size | permissions | owner | group | mtime | inode | hash_md5 | hash_sha1 | hash_sha256 | realtime'.
2023/04/30 17:15:07 wazuh-syscheckd: INFO: (6003): Monitoring path: '/usr/bin', with options 'size | permissions | owner | group | mtime | inode | hash_md5 | hash_sha1 | hash_sha256 | scheduled'.
2023/04/30 17:15:07 wazuh-syscheckd: INFO: (6003): Monitoring path: '/usr/sbin', with options 'size | permissions | owner | group | mtime | inode | hash_md5 | hash_sha1 | hash_sha256 | scheduled'.
2023/04/30 17:15:07 wazuh-syscheckd: INFO: (6206): Ignore 'file' entry '/etc/mtab'
2023/04/30 17:15:07 wazuh-syscheckd: INFO: (6206): Ignore 'file' entry '/etc/hosts.deny'
2023/04/30 17:15:07 wazuh-syscheckd: INFO: (6206): Ignore 'file' entry '/etc/mail/statistics'
2023/04/30 17:15:07 wazuh-syscheckd: INFO: (6206): Ignore 'file' entry '/etc/random-seed'
2023/04/30 17:15:07 wazuh-syscheckd: INFO: (6206): Ignore 'file' entry '/etc/random.seed'
2023/04/30 17:15:07 wazuh-syscheckd: INFO: (6206): Ignore 'file' entry '/etc/adjtime'
2023/04/30 17:15:07 wazuh-syscheckd: INFO: (6206): Ignore 'file' entry '/etc/httpd/logs'
2023/04/30 17:15:07 wazuh-syscheckd: INFO: (6206): Ignore 'file' entry '/etc/utmpx'
2023/04/30 17:15:07 wazuh-syscheckd: INFO: (6206): Ignore 'file' entry '/etc/wtmpx'
2023/04/30 17:15:07 wazuh-syscheckd: INFO: (6206): Ignore 'file' entry '/etc/cups/certs'
2023/04/30 17:15:07 wazuh-syscheckd: INFO: (6206): Ignore 'file' entry '/etc/dumpdates'
2023/04/30 17:15:07 wazuh-syscheckd: INFO: (6206): Ignore 'file' entry '/etc/svc/volatile'
2023/04/30 17:15:07 wazuh-syscheckd: INFO: (6207): Ignore 'file' sregex '.log$|.swp$'
2023/04/30 17:15:07 wazuh-syscheckd: INFO: (6004): No diff for file: '/etc/ssl/private.key'
2023/04/30 17:15:07 wazuh-syscheckd: INFO: (6016): Directory set for real time monitoring: '/tmp/yara/malware'.
2023/04/30 17:15:08 wazuh-syscheckd: INFO: (6000): Starting daemon...
2023/04/30 17:15:08 wazuh-syscheckd: INFO: (6010): File integrity monitoring scan frequency: 600 seconds
2023/04/30 17:15:08 wazuh-syscheckd: INFO: (6008): File integrity monitoring scan started.
2023/04/30 17:15:08 rootcheck: INFO: Starting rootcheck scan.
2023/04/30 17:15:08 wazuh-analysisd: INFO: (7200): Logtest started
2023/04/30 17:15:09 wazuh-remoted: INFO: Started (pid: 554618). Listening on port 1514/TCP (secure).
2023/04/30 17:15:09 wazuh-remoted: INFO: (1410): Reading authentication keys file.
2023/04/30 17:15:10 wazuh-logcollector: INFO: Monitoring output of command(360): df -P
2023/04/30 17:15:10 wazuh-logcollector: INFO: Monitoring full output of command(360): netstat -tulpn | sed 's/\([[:alnum:]]\+\)\ \+[[:digit:]]\+\ \+[[:digit:]]\+\ \+\(.*\):\([[:digit:]]*\)\ \+\([0-9\.\:\*]\+\).\+\ \([[:digit:]]*\/[[:alnum:]\-]*\).*/\1 \2 == \3 == \4 \5/' | sort -k 4 -g | sed 's/ == \(.*\) ==/:\1/' | sed 1,2d
2023/04/30 17:15:10 wazuh-logcollector: INFO: Monitoring full output of command(360): last -n 20
2023/04/30 17:15:10 wazuh-logcollector: INFO: (1950): Analyzing file: '/var/ossec/logs/active-responses.log'.
2023/04/30 17:15:10 wazuh-logcollector: INFO: (1950): Analyzing file: '/var/log/auth.log'.
2023/04/30 17:15:11 wazuh-logcollector: INFO: (1950): Analyzing file: '/var/log/syslog'.
2023/04/30 17:15:11 wazuh-logcollector: INFO: (1950): Analyzing file: '/var/log/dpkg.log'.
2023/04/30 17:15:11 wazuh-logcollector: INFO: (1950): Analyzing file: '/var/log/kern.log'.
2023/04/30 17:15:11 wazuh-logcollector: INFO: Started (pid: 554649).
2023/04/30 17:15:11 wazuh-analysisd: INFO: Connected to 'queue/alerts/ar' (active-response queue)
2023/04/30 17:15:11 wazuh-analysisd: INFO: Connected to 'queue/alerts/execq' (exec queue)
2023/04/30 17:15:11 wazuh-monitord: INFO: Started (pid: 554695).
2023/04/30 17:15:12 wazuh-modulesd: INFO: Started (pid: 554707).
2023/04/30 17:15:12 sca: INFO: Module started.
2023/04/30 17:15:12 sca: INFO: Loaded policy '/var/ossec/ruleset/sca/cis_ubuntu22-04.yml'
2023/04/30 17:15:12 wazuh-modulesd:database: INFO: Module started.
2023/04/30 17:15:12 wazuh-modulesd:osquery: INFO: Module disabled. Exiting...
2023/04/30 17:15:12 wazuh-modulesd:download: INFO: Module started.
2023/04/30 17:15:12 wazuh-modulesd:control: INFO: Starting control thread.
2023/04/30 17:15:12 wazuh-modulesd:ciscat: INFO: Module disabled. Exiting...
2023/04/30 17:15:12 wazuh-modulesd:agent-upgrade: INFO: (8153): Module Agent Upgrade started.
2023/04/30 17:15:12 sca: INFO: Starting Security Configuration Assessment scan.
2023/04/30 17:15:12 wazuh-modulesd:task-manager: INFO: (8200): Module Task Manager started.
2023/04/30 17:15:12 wazuh-modulesd:syscollector: INFO: Module started.
2023/04/30 17:15:12 wazuh-modulesd:syscollector: INFO: Starting evaluation.
2023/04/30 17:15:12 sca: INFO: Starting evaluation of policy: '/var/ossec/ruleset/sca/cis_ubuntu22-04.yml'
2023/04/30 17:15:12 wazuh-modulesd:syscollector: INFO: Evaluation finished.
2023/04/30 17:15:18 wazuh-syscheckd: INFO: (6009): File integrity monitoring scan ended.
2023/04/30 17:15:18 wazuh-syscheckd: INFO: (6012): Real-time file integrity monitoring started.
2023/04/30 17:15:47 rootcheck: INFO: Ending rootcheck scan.
2023/04/30 17:15:52 sca: INFO: Evaluation finished for policy '/var/ossec/ruleset/sca/cis_ubuntu22-04.yml'
2023/04/30 17:15:52 sca: INFO: Security Configuration Assessment scan finished. Duration: 40 seconds.
2023/04/30 17:25:19 wazuh-syscheckd: INFO: (6008): File integrity monitoring scan started.
2023/04/30 17:25:24 wazuh-syscheckd: INFO: (6009): File integrity monitoring scan ended.
2023/04/30 17:25:48 rootcheck: INFO: Starting rootcheck scan.
2023/04/30 17:26:17 rootcheck: INFO: Ending rootcheck scan.
2023/04/30 17:35:25 wazuh-syscheckd: INFO: (6008): File integrity monitoring scan started.
2023/04/30 17:35:29 wazuh-syscheckd: INFO: (6009): File integrity monitoring scan ended.
2023/04/30 17:36:18 rootcheck: INFO: Starting rootcheck scan.
2023/04/30 17:36:47 rootcheck: INFO: Ending rootcheck scan.
2023/04/30 17:45:30 wazuh-syscheckd: INFO: (6008): File integrity monitoring scan started.
2023/04/30 17:45:34 wazuh-syscheckd: INFO: (6009): File integrity monitoring scan ended.
2023/04/30 17:46:48 rootcheck: INFO: Starting rootcheck scan.
2023/04/30 17:47:17 rootcheck: INFO: Ending rootcheck scan.
2023/04/30 17:55:35 wazuh-syscheckd: INFO: (6008): File integrity monitoring scan started.
2023/04/30 17:55:39 wazuh-syscheckd: INFO: (6009): File integrity monitoring scan ended.
2023/04/30 17:57:18 rootcheck: INFO: Starting rootcheck scan.
2023/04/30 17:57:46 rootcheck: INFO: Ending rootcheck scan.
2023/04/30 18:05:40 wazuh-syscheckd: INFO: (6008): File integrity monitoring scan started.
2023/04/30 18:05:44 wazuh-syscheckd: INFO: (6009): File integrity monitoring scan ended.
2023/04/30 18:07:47 rootcheck: INFO: Starting rootcheck scan.
2023/04/30 18:08:17 rootcheck: INFO: Ending rootcheck scan.
2023/04/30 18:15:12 sca: INFO: Starting Security Configuration Assessment scan.
2023/04/30 18:15:12 sca: INFO: Starting evaluation of policy: '/var/ossec/ruleset/sca/cis_ubuntu22-04.yml'
2023/04/30 18:15:13 wazuh-modulesd:syscollector: INFO: Starting evaluation.
2023/04/30 18:15:13 wazuh-modulesd:syscollector: INFO: Evaluation finished.
2023/04/30 18:15:45 wazuh-syscheckd: INFO: (6008): File integrity monitoring scan started.
2023/04/30 18:15:49 wazuh-syscheckd: INFO: (6009): File integrity monitoring scan ended.
2023/04/30 18:15:51 sca: INFO: Evaluation finished for policy '/var/ossec/ruleset/sca/cis_ubuntu22-04.yml'
2023/04/30 18:15:51 sca: INFO: Security Configuration Assessment scan finished. Duration: 39 seconds.
2023/04/30 18:18:18 rootcheck: INFO: Starting rootcheck scan.
2023/04/30 18:18:47 rootcheck: INFO: Ending rootcheck scan.
2023/04/30 18:25:50 wazuh-syscheckd: INFO: (6008): File integrity monitoring scan started.
2023/04/30 18:25:54 wazuh-syscheckd: INFO: (6009): File integrity monitoring scan ended.
2023/04/30 18:28:48 rootcheck: INFO: Starting rootcheck scan.
2023/04/30 18:29:17 rootcheck: INFO: Ending rootcheck scan.
2023/04/30 18:35:55 wazuh-syscheckd: INFO: (6008): File integrity monitoring scan started.
2023/04/30 18:35:59 wazuh-syscheckd: INFO: (6009): File integrity monitoring scan ended.
2023/04/30 18:39:18 rootcheck: INFO: Starting rootcheck scan.
2023/04/30 18:39:47 rootcheck: INFO: Ending rootcheck scan.
2023/04/30 18:46:00 wazuh-syscheckd: INFO: (6008): File integrity monitoring scan started.
2023/04/30 18:46:04 wazuh-syscheckd: INFO: (6009): File integrity monitoring scan ended.
2023/04/30 18:49:48 rootcheck: INFO: Starting rootcheck scan.
2023/04/30 18:50:17 rootcheck: INFO: Ending rootcheck scan.
2023/04/30 18:56:05 wazuh-syscheckd: INFO: (6008): File integrity monitoring scan started.
2023/04/30 18:56:09 wazuh-syscheckd: INFO: (6009): File integrity monitoring scan ended.
2023/04/30 19:00:18 rootcheck: INFO: Starting rootcheck scan.
2023/04/30 19:00:47 rootcheck: INFO: Ending rootcheck scan.
2023/04/30 19:06:10 wazuh-syscheckd: INFO: (6008): File integrity monitoring scan started.
2023/04/30 19:06:14 wazuh-syscheckd: INFO: (6009): File integrity monitoring scan ended.
2023/04/30 19:10:48 rootcheck: INFO: Starting rootcheck scan.
2023/04/30 19:11:17 rootcheck: INFO: Ending rootcheck scan.
2023/04/30 19:15:12 sca: INFO: Starting Security Configuration Assessment scan.
2023/04/30 19:15:12 sca: INFO: Starting evaluation of policy: '/var/ossec/ruleset/sca/cis_ubuntu22-04.yml'
2023/04/30 19:15:14 wazuh-modulesd:syscollector: INFO: Starting evaluation.
2023/04/30 19:15:14 wazuh-modulesd:syscollector: INFO: Evaluation finished.
2023/04/30 19:15:51 sca: INFO: Evaluation finished for policy '/var/ossec/ruleset/sca/cis_ubuntu22-04.yml'
2023/04/30 19:15:51 sca: INFO: Security Configuration Assessment scan finished. Duration: 39 seconds.
2023/04/30 19:16:15 wazuh-syscheckd: INFO: (6008): File integrity monitoring scan started.
2023/04/30 19:16:19 wazuh-syscheckd: INFO: (6009): File integrity monitoring scan ended.
2023/04/30 19:21:18 rootcheck: INFO: Starting rootcheck scan.
2023/04/30 19:21:48 rootcheck: INFO: Ending rootcheck scan.
2023/04/30 19:26:20 wazuh-syscheckd: INFO: (6008): File integrity monitoring scan started.
2023/04/30 19:26:24 wazuh-syscheckd: INFO: (6009): File integrity monitoring scan ended.
2023/04/30 19:31:49 rootcheck: INFO: Starting rootcheck scan.
2023/04/30 19:32:19 rootcheck: INFO: Ending rootcheck scan.
2023/04/30 19:36:25 wazuh-syscheckd: INFO: (6008): File integrity monitoring scan started.
2023/04/30 19:36:29 wazuh-syscheckd: INFO: (6009): File integrity monitoring scan ended.
2023/04/30 19:42:20 rootcheck: INFO: Starting rootcheck scan.
2023/04/30 19:42:48 rootcheck: INFO: Ending rootcheck scan.
2023/04/30 19:46:30 wazuh-syscheckd: INFO: (6008): File integrity monitoring scan started.
2023/04/30 19:46:34 wazuh-syscheckd: INFO: (6009): File integrity monitoring scan ended.
2023/04/30 19:52:49 rootcheck: INFO: Starting rootcheck scan.
2023/04/30 19:53:18 rootcheck: INFO: Ending rootcheck scan.
2023/04/30 19:56:35 wazuh-syscheckd: INFO: (6008): File integrity monitoring scan started.
2023/04/30 19:56:39 wazuh-syscheckd: INFO: (6009): File integrity monitoring scan ended.
2023/04/30 20:03:19 rootcheck: INFO: Starting rootcheck scan.
2023/04/30 20:04:04 rootcheck: INFO: Ending rootcheck scan.
2023/04/30 20:06:40 wazuh-syscheckd: INFO: (6008): File integrity monitoring scan started.
2023/04/30 20:06:43 wazuh-syscheckd: INFO: (6009): File integrity monitoring scan ended.
2023/04/30 20:14:05 rootcheck: INFO: Starting rootcheck scan.
2023/04/30 20:14:33 rootcheck: INFO: Ending rootcheck scan.
2023/04/30 20:15:12 sca: INFO: Starting Security Configuration Assessment scan.
2023/04/30 20:15:12 sca: INFO: Starting evaluation of policy: '/var/ossec/ruleset/sca/cis_ubuntu22-04.yml'
2023/04/30 20:15:15 wazuh-modulesd:syscollector: INFO: Starting evaluation.
2023/04/30 20:15:15 wazuh-modulesd:syscollector: INFO: Evaluation finished.
2023/04/30 20:15:52 sca: INFO: Evaluation finished for policy '/var/ossec/ruleset/sca/cis_ubuntu22-04.yml'
2023/04/30 20:15:52 sca: INFO: Security Configuration Assessment scan finished. Duration: 40 seconds.
2023/04/30 20:16:44 wazuh-syscheckd: INFO: (6008): File integrity monitoring scan started.
2023/04/30 20:16:48 wazuh-syscheckd: INFO: (6009): File integrity monitoring scan ended.
2023/04/30 20:24:34 rootcheck: INFO: Starting rootcheck scan.
2023/04/30 20:25:03 rootcheck: INFO: Ending rootcheck scan.
2023/04/30 20:26:49 wazuh-syscheckd: INFO: (6008): File integrity monitoring scan started.
2023/04/30 20:26:53 wazuh-syscheckd: INFO: (6009): File integrity monitoring scan ended.
2023/04/30 20:35:04 rootcheck: INFO: Starting rootcheck scan.
2023/04/30 20:35:33 rootcheck: INFO: Ending rootcheck scan.
2023/04/30 20:36:54 wazuh-syscheckd: INFO: (6008): File integrity monitoring scan started.
2023/04/30 20:36:57 wazuh-syscheckd: INFO: (6009): File integrity monitoring scan ended.
2023/04/30 20:45:34 rootcheck: INFO: Starting rootcheck scan.
2023/04/30 20:46:03 rootcheck: INFO: Ending rootcheck scan.
2023/04/30 20:46:58 wazuh-syscheckd: INFO: (6008): File integrity monitoring scan started.
2023/04/30 20:47:01 wazuh-syscheckd: INFO: (6009): File integrity monitoring scan ended.
2023/04/30 20:56:04 rootcheck: INFO: Starting rootcheck scan.
2023/04/30 20:56:33 rootcheck: INFO: Ending rootcheck scan.
2023/04/30 20:57:02 wazuh-syscheckd: INFO: (6008): File integrity monitoring scan started.
2023/04/30 20:57:06 wazuh-syscheckd: INFO: (6009): File integrity monitoring scan ended.
2023/04/30 21:06:34 rootcheck: INFO: Starting rootcheck scan.
2023/04/30 21:07:02 rootcheck: INFO: Ending rootcheck scan.
2023/04/30 21:07:07 wazuh-syscheckd: INFO: (6008): File integrity monitoring scan started.
2023/04/30 21:07:11 wazuh-syscheckd: INFO: (6009): File integrity monitoring scan ended.
2023/04/30 21:15:12 sca: INFO: Starting Security Configuration Assessment scan.
2023/04/30 21:15:12 sca: INFO: Starting evaluation of policy: '/var/ossec/ruleset/sca/cis_ubuntu22-04.yml'
2023/04/30 21:15:16 wazuh-modulesd:syscollector: INFO: Starting evaluation.
2023/04/30 21:15:17 wazuh-modulesd:syscollector: INFO: Evaluation finished.
2023/04/30 21:15:51 sca: INFO: Evaluation finished for policy '/var/ossec/ruleset/sca/cis_ubuntu22-04.yml'
2023/04/30 21:15:51 sca: INFO: Security Configuration Assessment scan finished. Duration: 39 seconds.
2023/04/30 21:17:03 rootcheck: INFO: Starting rootcheck scan.
2023/04/30 21:17:12 wazuh-syscheckd: INFO: (6008): File integrity monitoring scan started.
2023/04/30 21:17:16 wazuh-syscheckd: INFO: (6009): File integrity monitoring scan ended.
2023/04/30 21:17:32 rootcheck: INFO: Ending rootcheck scan.
2023/04/30 21:27:17 wazuh-syscheckd: INFO: (6008): File integrity monitoring scan started.
2023/04/30 21:27:21 wazuh-syscheckd: INFO: (6009): File integrity monitoring scan ended.
2023/04/30 21:27:33 rootcheck: INFO: Starting rootcheck scan.
2023/04/30 21:28:02 rootcheck: INFO: Ending rootcheck scan.
2023/04/30 21:37:22 wazuh-syscheckd: INFO: (6008): File integrity monitoring scan started.
2023/04/30 21:37:26 wazuh-syscheckd: INFO: (6009): File integrity monitoring scan ended.
2023/04/30 21:38:03 rootcheck: INFO: Starting rootcheck scan.
2023/04/30 21:38:32 rootcheck: INFO: Ending rootcheck scan.
2023/04/30 21:47:27 wazuh-syscheckd: INFO: (6008): File integrity monitoring scan started.
2023/04/30 21:47:31 wazuh-syscheckd: INFO: (6009): File integrity monitoring scan ended.
2023/04/30 21:48:33 rootcheck: INFO: Starting rootcheck scan.
2023/04/30 21:49:03 rootcheck: INFO: Ending rootcheck scan.
2023/04/30 21:57:32 wazuh-syscheckd: INFO: (6008): File integrity monitoring scan started.
2023/04/30 21:57:36 wazuh-syscheckd: INFO: (6009): File integrity monitoring scan ended.
2023/04/30 21:59:04 rootcheck: INFO: Starting rootcheck scan.
2023/04/30 21:59:33 rootcheck: INFO: Ending rootcheck scan.
2023/04/30 22:07:37 wazuh-syscheckd: INFO: (6008): File integrity monitoring scan started.
2023/04/30 22:07:41 wazuh-syscheckd: INFO: (6009): File integrity monitoring scan ended.
2023/04/30 22:09:34 rootcheck: INFO: Starting rootcheck scan.
2023/04/30 22:10:03 rootcheck: INFO: Ending rootcheck scan.
2023/04/30 22:15:12 sca: INFO: Starting Security Configuration Assessment scan.
2023/04/30 22:15:12 sca: INFO: Starting evaluation of policy: '/var/ossec/ruleset/sca/cis_ubuntu22-04.yml'
2023/04/30 22:15:17 wazuh-modulesd:syscollector: INFO: Starting evaluation.
2023/04/30 22:15:18 wazuh-modulesd:syscollector: INFO: Evaluation finished.
2023/04/30 22:15:51 sca: INFO: Evaluation finished for policy '/var/ossec/ruleset/sca/cis_ubuntu22-04.yml'
2023/04/30 22:15:51 sca: INFO: Security Configuration Assessment scan finished. Duration: 39 seconds.
2023/04/30 22:17:42 wazuh-syscheckd: INFO: (6008): File integrity monitoring scan started.
2023/04/30 22:17:46 wazuh-syscheckd: INFO: (6009): File integrity monitoring scan ended.
2023/04/30 22:20:04 rootcheck: INFO: Starting rootcheck scan.
2023/04/30 22:20:34 rootcheck: INFO: Ending rootcheck scan.
2023/04/30 22:27:47 wazuh-syscheckd: INFO: (6008): File integrity monitoring scan started.
2023/04/30 22:27:51 wazuh-syscheckd: INFO: (6009): File integrity monitoring scan ended.
2023/04/30 22:30:35 rootcheck: INFO: Starting rootcheck scan.
2023/04/30 22:31:04 rootcheck: INFO: Ending rootcheck scan.
2023/04/30 22:37:52 wazuh-syscheckd: INFO: (6008): File integrity monitoring scan started.
2023/04/30 22:37:56 wazuh-syscheckd: INFO: (6009): File integrity monitoring scan ended.
2023/04/30 22:41:05 rootcheck: INFO: Starting rootcheck scan.
2023/04/30 22:41:34 rootcheck: INFO: Ending rootcheck scan.
2023/04/30 22:47:57 wazuh-syscheckd: INFO: (6008): File integrity monitoring scan started.
2023/04/30 22:48:01 wazuh-syscheckd: INFO: (6009): File integrity monitoring scan ended.
2023/04/30 22:51:11 wazuh-analysisd: WARNING: (7612): Rule ID '100303' is duplicated. Only the first occurrence will be considered.
2023/04/30 22:51:11 wazuh-analysisd: WARNING: (7612): Rule ID '100304' is duplicated. Only the first occurrence will be considered.
2023/04/30 22:51:11 wazuh-analysisd: WARNING: (7612): Rule ID '531' is duplicated. Only the first occurrence will be considered.
2023/04/30 22:51:11 wazuh-analysisd: WARNING: (7612): Rule ID '533' is duplicated. Only the first occurrence will be considered.
2023/04/30 22:51:24 wazuh-analysisd: WARNING: (7612): Rule ID '100303' is duplicated. Only the first occurrence will be considered.
2023/04/30 22:51:24 wazuh-analysisd: WARNING: (7612): Rule ID '100304' is duplicated. Only the first occurrence will be considered.
2023/04/30 22:51:24 wazuh-analysisd: WARNING: (7612): Rule ID '531' is duplicated. Only the first occurrence will be considered.
2023/04/30 22:51:24 wazuh-analysisd: WARNING: (7612): Rule ID '533' is duplicated. Only the first occurrence will be considered.
2023/04/30 22:51:35 rootcheck: INFO: Starting rootcheck scan.
2023/04/30 22:52:05 rootcheck: INFO: Ending rootcheck scan.
2023/04/30 22:58:02 wazuh-syscheckd: INFO: (6008): File integrity monitoring scan started.
2023/04/30 22:58:06 wazuh-syscheckd: INFO: (6009): File integrity monitoring scan ended.
2023/04/30 23:02:06 rootcheck: INFO: Starting rootcheck scan.
2023/04/30 23:02:36 rootcheck: INFO: Ending rootcheck scan.
2023/04/30 23:04:19 wazuh-remoted: WARNING: Package dropped. Could not append data into buffer.
2023/04/30 23:05:35 wazuh-modulesd:syscollector: INFO: Stop received for Syscollector.
2023/04/30 23:05:36 wazuh-modulesd:syscollector: INFO: Module finished.
2023/04/30 23:05:36 wazuh-monitord: INFO: (1225): SIGNAL [(15)-(Terminated)] Received. Exit Cleaning...
2023/04/30 23:05:36 wazuh-logcollector: INFO: (1225): SIGNAL [(15)-(Terminated)] Received. Exit Cleaning...
2023/04/30 23:05:36 wazuh-remoted: INFO: (1225): SIGNAL [(15)-(Terminated)] Received. Exit Cleaning...
2023/04/30 23:05:36 wazuh-syscheckd: INFO: (1225): SIGNAL [(15)-(Terminated)] Received. Exit Cleaning...
2023/04/30 23:05:36 wazuh-analysisd: INFO: (1225): SIGNAL [(15)-(Terminated)] Received. Exit Cleaning...
2023/04/30 23:05:36 wazuh-execd: INFO: (1314): Shutdown received. Deleting responses.
2023/04/30 23:05:36 wazuh-execd: INFO: (1225): SIGNAL [(15)-(Terminated)] Received. Exit Cleaning...
2023/04/30 23:05:36 wazuh-db: INFO: (1225): SIGNAL [(15)-(Terminated)] Received. Exit Cleaning...
2023/04/30 23:05:37 wazuh-authd: INFO: (1225): SIGNAL [(15)-(Terminated)] Received. Exit Cleaning...
2023/04/30 23:05:38 wazuh-authd: INFO: Exiting...
2023/04/30 23:05:41 wazuh-analysisd: WARNING: (7612): Rule ID '100303' is duplicated. Only the first occurrence will be considered.
2023/04/30 23:05:41 wazuh-analysisd: WARNING: (7612): Rule ID '100304' is duplicated. Only the first occurrence will be considered.
2023/04/30 23:05:41 wazuh-analysisd: WARNING: (7612): Rule ID '531' is duplicated. Only the first occurrence will be considered.
2023/04/30 23:05:41 wazuh-analysisd: WARNING: (7612): Rule ID '533' is duplicated. Only the first occurrence will be considered.
2023/04/30 23:05:41 wazuh-analysisd: WARNING: (7612): Rule ID '100001' is duplicated. Only the first occurrence will be considered.
2023/04/30 23:05:42 wazuh-testrule: WARNING: (7612): Rule ID '100303' is duplicated. Only the first occurrence will be considered.
2023/04/30 23:05:42 wazuh-testrule: WARNING: (7612): Rule ID '100304' is duplicated. Only the first occurrence will be considered.
2023/04/30 23:05:42 wazuh-testrule: WARNING: (7612): Rule ID '531' is duplicated. Only the first occurrence will be considered.
2023/04/30 23:05:42 wazuh-testrule: WARNING: (7612): Rule ID '533' is duplicated. Only the first occurrence will be considered.
2023/04/30 23:05:42 wazuh-testrule: WARNING: (7612): Rule ID '100001' is duplicated. Only the first occurrence will be considered.
2023/04/30 23:05:45 wazuh-csyslogd: INFO: Remote syslog server not configured. Clean exit.
2023/04/30 23:05:45 wazuh-dbd: INFO: Database not configured. Clean exit.
2023/04/30 23:05:45 wazuh-integratord: INFO: Remote integrations not configured. Clean exit.
2023/04/30 23:05:45 wazuh-agentlessd: INFO: Not configured. Exiting.
2023/04/30 23:05:45 wazuh-authd: INFO: Started (pid: 575486).
2023/04/30 23:05:45 wazuh-authd: INFO: Accepting connections on port 1515. No password required.
2023/04/30 23:05:45 wazuh-authd: INFO: Setting network timeout to 1.000000 sec.
2023/04/30 23:05:46 wazuh-db: INFO: Started (pid: 575502).
2023/04/30 23:05:47 wazuh-execd: INFO: Started (pid: 575525).
2023/04/30 23:05:50 wazuh-syscheckd: INFO: Started (pid: 575557).
2023/04/30 23:05:50 wazuh-syscheckd: INFO: (6003): Monitoring path: '/bin', with options 'size | permissions | owner | group | mtime | inode | hash_md5 | hash_sha1 | hash_sha256 | scheduled'.
2023/04/30 23:05:50 wazuh-syscheckd: INFO: (6003): Monitoring path: '/boot', with options 'size | permissions | owner | group | mtime | inode | hash_md5 | hash_sha1 | hash_sha256 | scheduled'.
2023/04/30 23:05:50 wazuh-syscheckd: INFO: (6003): Monitoring path: '/etc', with options 'size | permissions | owner | group | mtime | inode | hash_md5 | hash_sha1 | hash_sha256 | scheduled'.
2023/04/30 23:05:50 wazuh-syscheckd: INFO: (6003): Monitoring path: '/sbin', with options 'size | permissions | owner | group | mtime | inode | hash_md5 | hash_sha1 | hash_sha256 | scheduled'.
2023/04/30 23:05:50 wazuh-syscheckd: INFO: (6003): Monitoring path: '/tmp/yara/malware', with options 'size | permissions | owner | group | mtime | inode | hash_md5 | hash_sha1 | hash_sha256 | realtime'.
2023/04/30 23:05:50 wazuh-syscheckd: INFO: (6003): Monitoring path: '/usr/bin', with options 'size | permissions | owner | group | mtime | inode | hash_md5 | hash_sha1 | hash_sha256 | scheduled'.
2023/04/30 23:05:50 wazuh-syscheckd: INFO: (6003): Monitoring path: '/usr/sbin', with options 'size | permissions | owner | group | mtime | inode | hash_md5 | hash_sha1 | hash_sha256 | scheduled'.
2023/04/30 23:05:50 wazuh-syscheckd: INFO: (6206): Ignore 'file' entry '/etc/mtab'
2023/04/30 23:05:50 wazuh-syscheckd: INFO: (6206): Ignore 'file' entry '/etc/hosts.deny'
2023/04/30 23:05:50 wazuh-syscheckd: INFO: (6206): Ignore 'file' entry '/etc/mail/statistics'
2023/04/30 23:05:50 wazuh-syscheckd: INFO: (6206): Ignore 'file' entry '/etc/random-seed'
2023/04/30 23:05:50 wazuh-syscheckd: INFO: (6206): Ignore 'file' entry '/etc/random.seed'
2023/04/30 23:05:50 wazuh-syscheckd: INFO: (6206): Ignore 'file' entry '/etc/adjtime'
2023/04/30 23:05:50 wazuh-syscheckd: INFO: (6206): Ignore 'file' entry '/etc/httpd/logs'
2023/04/30 23:05:50 wazuh-syscheckd: INFO: (6206): Ignore 'file' entry '/etc/utmpx'
2023/04/30 23:05:50 wazuh-syscheckd: INFO: (6206): Ignore 'file' entry '/etc/wtmpx'
2023/04/30 23:05:50 wazuh-syscheckd: INFO: (6206): Ignore 'file' entry '/etc/cups/certs'
2023/04/30 23:05:50 wazuh-syscheckd: INFO: (6206): Ignore 'file' entry '/etc/dumpdates'
2023/04/30 23:05:50 wazuh-syscheckd: INFO: (6206): Ignore 'file' entry '/etc/svc/volatile'
2023/04/30 23:05:50 wazuh-syscheckd: INFO: (6207): Ignore 'file' sregex '.log$|.swp$'
2023/04/30 23:05:50 wazuh-syscheckd: INFO: (6004): No diff for file: '/etc/ssl/private.key'
2023/04/30 23:05:50 wazuh-syscheckd: INFO: (6016): Directory set for real time monitoring: '/tmp/yara/malware'.
2023/04/30 23:05:50 wazuh-syscheckd: INFO: (6000): Starting daemon...
2023/04/30 23:05:50 wazuh-syscheckd: INFO: (6010): File integrity monitoring scan frequency: 600 seconds
2023/04/30 23:05:50 wazuh-syscheckd: INFO: (6008): File integrity monitoring scan started.
2023/04/30 23:05:50 rootcheck: INFO: Starting rootcheck scan.
2023/04/30 23:05:50 wazuh-analysisd: WARNING: (7612): Rule ID '100303' is duplicated. Only the first occurrence will be considered.
2023/04/30 23:05:50 wazuh-analysisd: WARNING: (7612): Rule ID '100304' is duplicated. Only the first occurrence will be considered.
2023/04/30 23:05:50 wazuh-analysisd: WARNING: (7612): Rule ID '531' is duplicated. Only the first occurrence will be considered.
2023/04/30 23:05:50 wazuh-analysisd: WARNING: (7612): Rule ID '533' is duplicated. Only the first occurrence will be considered.
2023/04/30 23:05:50 wazuh-analysisd: WARNING: (7612): Rule ID '100001' is duplicated. Only the first occurrence will be considered.
2023/04/30 23:05:50 wazuh-analysisd: INFO: Total rules enabled: '6344'
2023/04/30 23:05:50 wazuh-analysisd: INFO: White listing IP: '127.0.0.1'
2023/04/30 23:05:50 wazuh-analysisd: INFO: White listing IP: '127.0.0.53'
2023/04/30 23:05:50 wazuh-analysisd: INFO: 2 IPs in the white list for active response.
2023/04/30 23:05:50 wazuh-analysisd: INFO: White listing Hostname: 'localhost.localdomain'
2023/04/30 23:05:50 wazuh-analysisd: INFO: 1 Hostname(s) in the white list for active response.
2023/04/30 23:05:50 wazuh-analysisd: INFO: Started (pid: 575546).
2023/04/30 23:05:50 wazuh-analysisd: INFO: (7200): Logtest started
2023/04/30 23:05:51 wazuh-remoted: INFO: Started (pid: 575576). Listening on port 1514/TCP (secure).
2023/04/30 23:05:51 wazuh-remoted: INFO: (1410): Reading authentication keys file.
2023/04/30 23:05:53 wazuh-logcollector: INFO: Monitoring output of command(360): df -P
2023/04/30 23:05:53 wazuh-logcollector: INFO: Monitoring full output of command(360): netstat -tulpn | sed 's/\([[:alnum:]]\+\)\ \+[[:digit:]]\+\ \+[[:digit:]]\+\ \+\(.*\):\([[:digit:]]*\)\ \+\([0-9\.\:\*]\+\).\+\ \([[:digit:]]*\/[[:alnum:]\-]*\).*/\1 \2 == \3 == \4 \5/' | sort -k 4 -g | sed 's/ == \(.*\) ==/:\1/' | sed 1,2d
2023/04/30 23:05:53 wazuh-logcollector: INFO: Monitoring full output of command(360): last -n 20
2023/04/30 23:05:53 wazuh-logcollector: INFO: (1950): Analyzing file: '/var/ossec/logs/active-responses.log'.
2023/04/30 23:05:53 wazuh-logcollector: INFO: (1950): Analyzing file: '/var/log/auth.log'.
2023/04/30 23:05:53 wazuh-monitord: INFO: Started (pid: 575622).
2023/04/30 23:05:53 wazuh-analysisd: INFO: Connected to 'queue/alerts/ar' (active-response queue)
2023/04/30 23:05:53 wazuh-analysisd: INFO: Connected to 'queue/alerts/execq' (exec queue)
2023/04/30 23:05:53 wazuh-logcollector: INFO: (1950): Analyzing file: '/var/log/syslog'.
2023/04/30 23:05:53 wazuh-logcollector: INFO: (1950): Analyzing file: '/var/log/dpkg.log'.
2023/04/30 23:05:53 wazuh-logcollector: INFO: (1950): Analyzing file: '/var/log/kern.log'.
2023/04/30 23:05:53 wazuh-logcollector: INFO: Started (pid: 575609).
2023/04/30 23:05:54 wazuh-modulesd: INFO: Started (pid: 575666).
2023/04/30 23:05:54 wazuh-modulesd:control: INFO: Starting control thread.
2023/04/30 23:05:54 wazuh-modulesd:download: INFO: Module started.
2023/04/30 23:05:54 wazuh-modulesd:database: INFO: Module started.
2023/04/30 23:05:54 sca: INFO: Module started.
2023/04/30 23:05:54 sca: INFO: Loaded policy '/var/ossec/ruleset/sca/cis_ubuntu22-04.yml'
2023/04/30 23:05:54 wazuh-modulesd:osquery: INFO: Module disabled. Exiting...
2023/04/30 23:05:54 wazuh-modulesd:ciscat: INFO: Module disabled. Exiting...
2023/04/30 23:05:54 sca: INFO: Starting Security Configuration Assessment scan.
2023/04/30 23:05:54 wazuh-modulesd:agent-upgrade: INFO: (8153): Module Agent Upgrade started.
2023/04/30 23:05:54 wazuh-modulesd:task-manager: INFO: (8200): Module Task Manager started.
2023/04/30 23:05:54 wazuh-modulesd:syscollector: INFO: Module started.
2023/04/30 23:05:54 wazuh-modulesd:syscollector: INFO: Starting evaluation.
2023/04/30 23:05:54 sca: INFO: Starting evaluation of policy: '/var/ossec/ruleset/sca/cis_ubuntu22-04.yml'
2023/04/30 23:05:55 wazuh-modulesd:syscollector: INFO: Evaluation finished.
2023/04/30 23:06:00 wazuh-syscheckd: INFO: (6009): File integrity monitoring scan ended.
2023/04/30 23:06:00 wazuh-syscheckd: INFO: (6012): Real-time file integrity monitoring started.
2023/04/30 23:06:26 rootcheck: INFO: Ending rootcheck scan.
2023/04/30 23:06:26 wazuh-remoted: WARNING: Package dropped. Could not append data into buffer.
2023/04/30 23:06:35 sca: INFO: Evaluation finished for policy '/var/ossec/ruleset/sca/cis_ubuntu22-04.yml'
2023/04/30 23:06:35 sca: INFO: Security Configuration Assessment scan finished. Duration: 41 seconds.
2023/04/30 23:16:01 wazuh-syscheckd: INFO: (6008): File integrity monitoring scan started.
2023/04/30 23:16:06 wazuh-syscheckd: INFO: (6009): File integrity monitoring scan ended.
2023/04/30 23:16:27 rootcheck: INFO: Starting rootcheck scan.
2023/04/30 23:16:57 rootcheck: INFO: Ending rootcheck scan.
2023/04/30 23:26:07 wazuh-syscheckd: INFO: (6008): File integrity monitoring scan started.
2023/04/30 23:26:11 wazuh-syscheckd: INFO: (6009): File integrity monitoring scan ended.
2023/04/30 23:26:58 rootcheck: INFO: Starting rootcheck scan.
2023/04/30 23:27:27 rootcheck: INFO: Ending rootcheck scan.
2023/04/30 23:36:12 wazuh-syscheckd: INFO: (6008): File integrity monitoring scan started.
2023/04/30 23:36:16 wazuh-syscheckd: INFO: (6009): File integrity monitoring scan ended.
2023/04/30 23:37:28 rootcheck: INFO: Starting rootcheck scan.
2023/04/30 23:37:57 rootcheck: INFO: Ending rootcheck scan.
2023/04/30 23:46:17 wazuh-syscheckd: INFO: (6008): File integrity monitoring scan started.
2023/04/30 23:46:21 wazuh-syscheckd: INFO: (6009): File integrity monitoring scan ended.
2023/04/30 23:47:58 rootcheck: INFO: Starting rootcheck scan.
2023/04/30 23:48:26 rootcheck: INFO: Ending rootcheck scan.
2023/04/30 23:56:22 wazuh-syscheckd: INFO: (6008): File integrity monitoring scan started.
2023/04/30 23:56:26 wazuh-syscheckd: INFO: (6009): File integrity monitoring scan ended.
2023/04/30 23:58:27 rootcheck: INFO: Starting rootcheck scan.
2023/04/30 23:58:56 rootcheck: INFO: Ending rootcheck scan.
2023/05/01 00:00:10 wazuh-monitord: INFO: Running daily rotation of log files.
